<?xml version="1.0" encoding="UTF-8"?>
<!-- Generated by org.testng.reporters.JUnitReportReporter -->
<testsuite hostname="harsimrandhanoa" name="package1.AppTest1" tests="1" failures="0" timestamp="6 Jan 2016 07:40:04 GMT" time="0.028" errors="0">
  <testcase name="testApp1" time="0.028" classname="package1.AppTest1"/>
</testsuite> <!-- package1.AppTest1 -->
