<?xml version="1.0" encoding="UTF-8"?>
<!-- Generated by org.testng.reporters.JUnitReportReporter -->
<testsuite hostname="harsimrandhanoa" name="package2.Test10" tests="1" failures="0" timestamp="21 Apr 2016 18:06:53 GMT" time="0.033" errors="0">
  <testcase name="test2_2" time="0.033" classname="package2.Test10"/>
</testsuite> <!-- package2.Test10 -->
