<?xml version="1.0" encoding="UTF-8"?>
<!-- Generated by org.testng.reporters.JUnitReportReporter -->
<testsuite hostname="harsimrandhanoa" name="package1.Test4" tests="1" failures="0" timestamp="21 Apr 2016 18:06:52 GMT" time="0.002" errors="0">
  <testcase name="test3" time="0.002" classname="package1.Test4"/>
</testsuite> <!-- package1.Test4 -->
